INFO: latexindent version 3.4.1, 2018-01-18, a script to indent .tex files
      latexindent lives here: /usr/share/texlive/texmf-dist/scripts/latexindent/
      Fri Sep  7 23:06:02 2018
      Filename: /home/hmartins/Projects/writings/research/msc-degree/thesis/references/__latexindent_temp.tex
INFO: Processing switches:
      -y|--yaml: YAML settings specified via command line
      -c|--cruft: cruft directory
INFO: Directory for backup files and /home/hmartins/Projects/writings/research/msc-degree/thesis/references/indent.log: /home/hmartins/Projects/writings/research/msc-degree/thesis/references/
INFO: YAML settings read: defaultSettings.yaml
      Reading defaultSettings.yaml from /usr/share/texlive/texmf-dist/scripts/latexindent/defaultSettings.yaml
INFO: YAML settings read: indentconfig.yaml or .indentconfig.yaml
      Home directory is /home/hmartins (didn't find either indentconfig.yaml or .indentconfig.yaml)
      To specify user settings you would put indentconfig.yaml here: /home/hmartins/indentconfig.yaml
      Alternatively, you can use the hidden file .indentconfig.yaml as: /home/hmartins/.indentconfig.yaml
INFO: YAML settings read: -y switch
      Updating masterSettings with "defaultIndent: '\t'"
INFO: Phase 1: searching for objects
INFO: Phase 2: finding surrounding indentation
INFO: Phase 3: indenting objects
INFO: Phase 4: final indentation check
INFO: Output routine:
      Not outputting to file; see -w and -o switches for more options.
      --------------
INFO: Please direct all communication/issues to:
      https://github.com/cmhughes/latexindent.pl
